BizPulse_Dynamic_APK/android/app/build/intermediates/manifest_merge_blame_file/debug/manifest-merger-blame-debug-report.txt
1<?xml version="1.0" encoding="utf-8"?>
2<manifest xmlns:android="http://schemas.android.com/apk/res/android"
3    package="com.bizpulse.erp"
4    android:versionCode="1"
5    android:versionName="1.0.0" >
6
7    <uses-sdk
8        android:minSdkVersion="21"
8-->src\main\AndroidManifest.xml
9        android:targetSdkVersion="33" />
9-->src\main\AndroidManifest.xml
10
11    <uses-permission android:name="android.permission.INTERNET" />
11-->src\main\AndroidManifest.xml:5:5-67
11-->src\main\AndroidManifest.xml:5:22-64
12
13    <application
13-->src\main\AndroidManifest.xml:7:5-20:19
14        android:allowBackup="true"
14-->src\main\AndroidManifest.xml:8:9-35
15        android:debuggable="true"
16        android:label="BizPulse ERP"
16-->src\main\AndroidManifest.xml:9:9-37
17        android:usesCleartextTraffic="true" >
17-->src\main\AndroidManifest.xml:10:9-44
18        <activity
18-->src\main\AndroidManifest.xml:12:9-19:20
19            android:name="com.bizpulse.erp.MainActivity"
19-->src\main\AndroidManifest.xml:13:13-41
20            android:exported="true" >
20-->src\main\AndroidManifest.xml:14:13-36
21            <intent-filter>
21-->src\main\AndroidManifest.xml:15:13-18:29
22                <action android:name="android.intent.action.MAIN" />
22-->src\main\AndroidManifest.xml:16:17-69
22-->src\main\AndroidManifest.xml:16:25-66
23
24                <category android:name="android.intent.category.LAUNCHER" />
24-->src\main\AndroidManifest.xml:17:17-77
24-->src\main\AndroidManifest.xml:17:27-74
25            </intent-filter>
26        </activity>
27    </application>
28
29</manifest>